<?xml version="1.0" encoding="UTF-8"?>
<testsuite xmlns:xsi="http://www.w3.org/2001/XMLSchema-instance" xsi:noNamespaceSchemaLocation="https://maven.apache.org/surefire/maven-surefire-plugin/xsd/surefire-test-report.xsd" name="BookingTests" time="7.438" tests="3" errors="0" skipped="0" failures="1">
  <properties>
[...]
</properties>
  <testcase name="getAllBookingsByUserFirstName_BookingExists_returnOk" classname="BookingTests" time="4.162"/>
  <testcase name="getAllBookingsById_returnOk" classname="BookingTests" time="1.705"/>
  <testcase name="CreateBooking_WithValidData_returnOk" classname="BookingTests" time="0.855">
    <failure message="1 expectation failed.&#10;Response body doesn&apos;t match expectation.&#10;Expected: The content to match the given JSON schema.&#10;error: object has missing required properties ([&quot;bookingdates&quot;,&quot;depositpaid&quot;,&quot;firstname&quot;,&quot;lastname&quot;,&quot;totalprice&quot;])&#10;    level: &quot;error&quot;&#10;    schema: {&quot;loadingURI&quot;:&quot;file:/home/maria/Code/apiautomationrestassured/target/test-classes/createBookingRequestSchema.json#&quot;,&quot;pointer&quot;:&quot;&quot;}&#10;    instance: {&quot;pointer&quot;:&quot;&quot;}&#10;    domain: &quot;validation&quot;&#10;    keyword: &quot;required&quot;&#10;    required: [&quot;bookingdates&quot;,&quot;depositpaid&quot;,&quot;firstname&quot;,&quot;lastname&quot;,&quot;totalprice&quot;]&#10;    missing: [&quot;bookingdates&quot;,&quot;depositpaid&quot;,&quot;firstname&quot;,&quot;lastname&quot;,&quot;totalprice&quot;]&#10;&#10;  Actual: {&quot;bookingid&quot;:9128,&quot;booking&quot;:{&quot;firstname&quot;:&quot;Ayanna&quot;,&quot;lastname&quot;:&quot;Dicki&quot;,&quot;totalprice&quot;:74200,&quot;depositpaid&quot;:true,&quot;bookingdates&quot;:{&quot;checkin&quot;:&quot;2018-01-02&quot;,&quot;checkout&quot;:&quot;2018-01-03&quot;},&quot;additionalneeds&quot;:&quot;&quot;}}&#10;" type="java.lang.AssertionError">java.lang.AssertionError: 
1 expectation failed.
Response body doesn't match expectation.
Expected: The content to match the given JSON schema.
error: object has missing required properties (["bookingdates","depositpaid","firstname","lastname","totalprice"])
    level: "error"
    schema: {"loadingURI":"file:/home/maria/Code/apiautomationrestassured/target/test-classes/createBookingRequestSchema.json#","pointer":""}
    instance: {"pointer":""}
    domain: "validation"
    keyword: "required"
    required: ["bookingdates","depositpaid","firstname","lastname","totalprice"]
    missing: ["bookingdates","depositpaid","firstname","lastname","totalprice"]

  Actual: {"bookingid":9128,"booking":{"firstname":"Ayanna","lastname":"Dicki","totalprice":74200,"depositpaid":true,"bookingdates":{"checkin":"2018-01-02","checkout":"2018-01-03"},"additionalneeds":""}}

	at BookingTests.CreateBooking_WithValidData_returnOk(BookingTests.java:89)
</failure>
    <system-out><![CDATA[Request method:	POST
Request URI:	https://restful-booker.herokuapp.com/booking
Proxy:			<none>
Request params:	<none>
Query params:	<none>
Form params:	<none>
Path params:	<none>
Headers:		Accept=*/*
				Content-Type=application/json
Cookies:		<none>
Multiparts:		<none>
Body:
{
    "firstname": "Ayanna",
    "lastname": "Dicki",
    "totalprice": 74200.01,
    "depositpaid": true,
    "bookingdates": {
        "checkin": "2018-01-02",
        "checkout": "2018-01-03"
    },
    "additionalneeds": ""
}
HTTP/1.1 200 OK
Server: Cowboy
Connection: keep-alive
X-Powered-By: Express
Content-Type: application/json; charset=utf-8
Content-Length: 193
Etag: W/"c1-hNMSS2dAHURG+sIhRhIretsEdh4"
Date: Sat, 28 Jan 2023 17:40:06 GMT
Via: 1.1 vegur

{
    "bookingid": 9128,
    "booking": {
        "firstname": "Ayanna",
        "lastname": "Dicki",
        "totalprice": 74200,
        "depositpaid": true,
        "bookingdates": {
            "checkin": "2018-01-02",
            "checkout": "2018-01-03"
        },
        "additionalneeds": ""
    }
}
]]></system-out>
  </testcase>
</testsuite>